<?xml version="1.0" encoding="UTF-8"?>
<testng-results total="2" passed="2" failed="0" skipped="0">
  <reporter-output>
  </reporter-output>
  <suite started-at="2024-07-26T07:05:46Z" name="Test Suite for Buildout" finished-at="2024-07-26T07:06:27Z" duration-ms="41012">
    <groups>
    </groups>
    <test started-at="2024-07-26T07:05:46Z" name="Test Cases for Buildout" finished-at="2024-07-26T07:06:27Z" duration-ms="41012">
      <class name="demo.TestCases">
        <test-method is-config="true" signature="startBrowser()[pri:0, instance:demo.TestCases@68044f4]" started-at="2024-07-26T12:35:46Z" name="startBrowser" finished-at="2024-07-26T12:35:49Z" duration-ms="3108" status="PASS">
          <reporter-output>
          </reporter-output>
        </test-method> <!-- startBrowser -->
        <test-method signature="testCase01()[pri:0, instance:demo.TestCases@68044f4]" started-at="2024-07-26T12:35:49Z" name="testCase01" finished-at="2024-07-26T12:36:09Z" duration-ms="19994" status="PASS">
          <reporter-output>
          </reporter-output>
        </test-method> <!-- testCase01 -->
        <test-method signature="testCase02()[pri:0, instance:demo.TestCases@68044f4]" started-at="2024-07-26T12:36:09Z" name="testCase02" finished-at="2024-07-26T12:36:27Z" duration-ms="17893" status="PASS">
          <reporter-output>
          </reporter-output>
        </test-method> <!-- testCase02 -->
        <test-method is-config="true" signature="closeBrowser()[pri:0, instance:demo.TestCases@68044f4]" started-at="2024-07-26T12:36:27Z" name="closeBrowser" finished-at="2024-07-26T12:36:28Z" duration-ms="729" status="PASS">
          <reporter-output>
          </reporter-output>
        </test-method> <!-- closeBrowser -->
      </class> <!-- demo.TestCases -->
    </test> <!-- Test Cases for Buildout -->
  </suite> <!-- Test Suite for Buildout -->
</testng-results>
